# JRE version: OpenJDK Runtime Environment Temurin-21.0.8+9 (21.0.8+9) (build 21.0.8+9-LTS)
# Java VM: OpenJDK 64-Bit Server VM Temurin-21.0.8+9 (21.0.8+9-LTS, mixed mode, sharing, tiered, compressed oops, compressed class ptrs, parallel gc, windows-amd64)
GC Precious Log:
 CardTable entry size: 512
 CPUs: 12 total, 12 available
 Memory: 7521M
 Large Page Support: Disabled
 NUMA Support: Disabled
 Compressed Oops: Enabled (32-bit)
 Alignments: Space 512K, Generation 512K, Heap 2M
 Heap Min Capacity: 100M
 Heap Initial Capacity: 100M
 Heap Max Capacity: 2G
 Pre-touch: Disabled
 Parallel Workers: 10
Heap:
 PSYoungGen      total 7168K, used 6816K [0x00000000d5580000, 0x00000000d5e00000, 0x0000000100000000)
  eden space 5632K, 100% used [0x00000000d5580000,0x00000000d5b00000,0x00000000d5b00000)
  from space 1536K, 77% used [0x00000000d5b00000,0x00000000d5c28000,0x00000000d5c80000)
  to   space 1536K, 0% used [0x00000000d5c80000,0x00000000d5c80000,0x00000000d5e00000)
 ParOldGen       total 687104K, used 686735K [0x0000000080000000, 0x00000000a9f00000, 0x00000000d5580000)
  object space 687104K, 99% used [0x0000000080000000,0x00000000a9ea3f08,0x00000000a9f00000)
 Metaspace       used 59612K, committed 60928K, reserved 1114112K
  class space    used 6450K, committed 7040K, reserved 1048576K
GC Heap History (20 events):
Event: 19.229 GC heap before
{Heap before GC invocations=721 (full 3):
 PSYoungGen      total 7168K, used 6816K [0x00000000d5580000, 0x00000000d5e00000, 0x0000000100000000)
  eden space 5632K, 100% used [0x00000000d5580000,0x00000000d5b00000,0x00000000d5b00000)
  from space 1536K, 77% used [0x00000000d5b00000,0x00000000d5c28000,0x00000000d5c80000)
  to   space 1536K, 0% used [0x00000000d5c80000,0x00000000d5c80000,0x00000000d5e00000)
 ParOldGen       total 676864K, used 676835K [0x0000000080000000, 0x00000000a9500000, 0x00000000d5580000)
  object space 676864K, 99% used [0x0000000080000000,0x00000000a94f8d00,0x00000000a9500000)
 Metaspace       used 59612K, committed 60928K, reserved 1114112K
  class space    used 6450K, committed 7040K, reserved 1048576K
}
Event: 19.231 GC heap after
{Heap after GC invocations=721 (full 3):
 PSYoungGen      total 7168K, used 1216K [0x00000000d5580000, 0x00000000d5e00000, 0x0000000100000000)
  eden space 5632K, 0% used [0x00000000d5580000,0x00000000d5580000,0x00000000d5b00000)
  from space 1536K, 79% used [0x00000000d5c80000,0x00000000d5db0000,0x00000000d5e00000)
  to   space 1536K, 0% used [0x00000000d5b00000,0x00000000d5b00000,0x00000000d5c80000)
 ParOldGen       total 677888K, used 677879K [0x0000000080000000, 0x00000000a9600000, 0x00000000d5580000)
  object space 677888K, 99% used [0x0000000080000000,0x00000000a95fdf08,0x00000000a9600000)
 Metaspace       used 59612K, committed 60928K, reserved 1114112K
  class space    used 6450K, committed 7040K, reserved 1048576K
}
Event: 19.246 GC heap before
{Heap before GC invocations=722 (full 3):
 PSYoungGen      total 7168K, used 6848K [0x00000000d5580000, 0x00000000d5e00000, 0x0000000100000000)
  eden space 5632K, 100% used [0x00000000d5580000,0x00000000d5b00000,0x00000000d5b00000)
  from space 1536K, 79% used [0x00000000d5c80000,0x00000000d5db0000,0x00000000d5e00000)
  to   space 1536K, 0% used [0x00000000d5b00000,0x00000000d5b00000,0x00000000d5c80000)
 ParOldGen       total 677888K, used 677879K [0x0000000080000000, 0x00000000a9600000, 0x00000000d5580000)
  object space 677888K, 99% used [0x0000000080000000,0x00000000a95fdf08,0x00000000a9600000)
 Metaspace       used 59612K, committed 60928K, reserved 1114112K
  class space    used 6450K, committed 7040K, reserved 1048576K
}
Event: 19.248 GC heap after
{Heap after GC invocations=722 (full 3):
 PSYoungGen      total 7168K, used 1152K [0x00000000d5580000, 0x00000000d5e00000, 0x0000000100000000)
  eden space 5632K, 0% used [0x00000000d5580000,0x00000000d5580000,0x00000000d5b00000)
  from space 1536K, 75% used [0x00000000d5b00000,0x00000000d5c20000,0x00000000d5c80000)
  to   space 1536K, 0% used [0x00000000d5c80000,0x00000000d5c80000,0x00000000d5e00000)
 ParOldGen       total 679424K, used 678959K [0x0000000080000000, 0x00000000a9780000, 0x00000000d5580000)
  object space 679424K, 99% used [0x0000000080000000,0x00000000a970bf08,0x00000000a9780000)
 Metaspace       used 59612K, committed 60928K, reserved 1114112K
  class space    used 6450K, committed 7040K, reserved 1048576K
}
Event: 19.262 GC heap before
{Heap before GC invocations=723 (full 3):
 PSYoungGen      total 7168K, used 6784K [0x00000000d5580000, 0x00000000d5e00000, 0x0000000100000000)
  eden space 5632K, 100% used [0x00000000d5580000,0x00000000d5b00000,0x00000000d5b00000)
  from space 1536K, 75% used [0x00000000d5b00000,0x00000000d5c20000,0x00000000d5c80000)
  to   space 1536K, 0% used [0x00000000d5c80000,0x00000000d5c80000,0x00000000d5e00000)
 ParOldGen       total 679424K, used 678959K [0x0000000080000000, 0x00000000a9780000, 0x00000000d5580000)
  object space 679424K, 99% used [0x0000000080000000,0x00000000a970bf08,0x00000000a9780000)
 Metaspace       used 59612K, committed 60928K, reserved 1114112K
  class space    used 6450K, committed 7040K, reserved 1048576K
}
Event: 19.265 GC heap after
{Heap after GC invocations=723 (full 3):
 PSYoungGen      total 7168K, used 1056K [0x00000000d5580000, 0x00000000d5e00000, 0x0000000100000000)
  eden space 5632K, 0% used [0x00000000d5580000,0x00000000d5580000,0x00000000d5b00000)
  from space 1536K, 68% used [0x00000000d5c80000,0x00000000d5d88000,0x00000000d5e00000)
  to   space 1536K, 0% used [0x00000000d5b00000,0x00000000d5b00000,0x00000000d5c80000)
 ParOldGen       total 679936K, used 679935K [0x0000000080000000, 0x00000000a9800000, 0x00000000d5580000)
  object space 679936K, 99% used [0x0000000080000000,0x00000000a97fff08,0x00000000a9800000)
 Metaspace       used 59612K, committed 60928K, reserved 1114112K
  class space    used 6450K, committed 7040K, reserved 1048576K
}
Event: 19.277 GC heap before
{Heap before GC invocations=724 (full 3):
 PSYoungGen      total 7168K, used 6688K [0x00000000d5580000, 0x00000000d5e00000, 0x0000000100000000)
  eden space 5632K, 100% used [0x00000000d5580000,0x00000000d5b00000,0x00000000d5b00000)
  from space 1536K, 68% used [0x00000000d5c80000,0x00000000d5d88000,0x00000000d5e00000)
  to   space 1536K, 0% used [0x00000000d5b00000,0x00000000d5b00000,0x00000000d5c80000)
 ParOldGen       total 679936K, used 679935K [0x0000000080000000, 0x00000000a9800000, 0x00000000d5580000)
  object space 679936K, 99% used [0x0000000080000000,0x00000000a97fff08,0x00000000a9800000)
 Metaspace       used 59612K, committed 60928K, reserved 1114112K
  class space    used 6450K, committed 7040K, reserved 1048576K
}
Event: 19.279 GC heap after
{Heap after GC invocations=724 (full 3):
 PSYoungGen      total 7168K, used 1216K [0x00000000d5580000, 0x00000000d5e00000, 0x0000000100000000)
  eden space 5632K, 0% used [0x00000000d5580000,0x00000000d5580000,0x00000000d5b00000)
  from space 1536K, 79% used [0x00000000d5b00000,0x00000000d5c30000,0x00000000d5c80000)
  to   space 1536K, 0% used [0x00000000d5c80000,0x00000000d5c80000,0x00000000d5e00000)
 ParOldGen       total 680960K, used 680871K [0x0000000080000000, 0x00000000a9900000, 0x00000000d5580000)
  object space 680960K, 99% used [0x0000000080000000,0x00000000a98e9f08,0x00000000a9900000)
 Metaspace       used 59612K, committed 60928K, reserved 1114112K
  class space    used 6450K, committed 7040K, reserved 1048576K
}
Event: 19.293 GC heap before
{Heap before GC invocations=725 (full 3):
 PSYoungGen      total 7168K, used 6848K [0x00000000d5580000, 0x00000000d5e00000, 0x0000000100000000)
  eden space 5632K, 100% used [0x00000000d5580000,0x00000000d5b00000,0x00000000d5b00000)
  from space 1536K, 79% used [0x00000000d5b00000,0x00000000d5c30000,0x00000000d5c80000)
  to   space 1536K, 0% used [0x00000000d5c80000,0x00000000d5c80000,0x00000000d5e00000)
 ParOldGen       total 680960K, used 680871K [0x0000000080000000, 0x00000000a9900000, 0x00000000d5580000)
  object space 680960K, 99% used [0x0000000080000000,0x00000000a98e9f08,0x00000000a9900000)
 Metaspace       used 59612K, committed 60928K, reserved 1114112K
  class space    used 6450K, committed 7040K, reserved 1048576K
}
Event: 19.295 GC heap after
{Heap after GC invocations=725 (full 3):
 PSYoungGen      total 7168K, used 1088K [0x00000000d5580000, 0x00000000d5e00000, 0x0000000100000000)
  eden space 5632K, 0% used [0x00000000d5580000,0x00000000d5580000,0x00000000d5b00000)
  from space 1536K, 70% used [0x00000000d5c80000,0x00000000d5d90000,0x00000000d5e00000)
  to   space 1536K, 0% used [0x00000000d5b00000,0x00000000d5b00000,0x00000000d5c80000)
 ParOldGen       total 681984K, used 681895K [0x0000000080000000, 0x00000000a9a00000, 0x00000000d5580000)
  object space 681984K, 99% used [0x0000000080000000,0x00000000a99e9f08,0x00000000a9a00000)
 Metaspace       used 59612K, committed 60928K, reserved 1114112K
  class space    used 6450K, committed 7040K, reserved 1048576K
}
Event: 19.309 GC heap before
{Heap before GC invocations=726 (full 3):
 PSYoungGen      total 7168K, used 6720K [0x00000000d5580000, 0x00000000d5e00000, 0x0000000100000000)
  eden space 5632K, 100% used [0x00000000d5580000,0x00000000d5b00000,0x00000000d5b00000)
  from space 1536K, 70% used [0x00000000d5c80000,0x00000000d5d90000,0x00000000d5e00000)
  to   space 1536K, 0% used [0x00000000d5b00000,0x00000000d5b00000,0x00000000d5c80000)
 ParOldGen       total 681984K, used 681895K [0x0000000080000000, 0x00000000a9a00000, 0x00000000d5580000)
  object space 681984K, 99% used [0x0000000080000000,0x00000000a99e9f08,0x00000000a9a00000)
 Metaspace       used 59612K, committed 60928K, reserved 1114112K
  class space    used 6450K, committed 7040K, reserved 1048576K
}
Event: 19.311 GC heap after
{Heap after GC invocations=726 (full 3):
 PSYoungGen      total 7168K, used 1184K [0x00000000d5580000, 0x00000000d5e00000, 0x0000000100000000)
  eden space 5632K, 0% used [0x00000000d5580000,0x00000000d5580000,0x00000000d5b00000)
  from space 1536K, 77% used [0x00000000d5b00000,0x00000000d5c28000,0x00000000d5c80000)
  to   space 1536K, 0% used [0x00000000d5c80000,0x00000000d5c80000,0x00000000d5e00000)
 ParOldGen       total 683008K, used 682799K [0x0000000080000000, 0x00000000a9b00000, 0x00000000d5580000)
  object space 683008K, 99% used [0x0000000080000000,0x00000000a9acbf08,0x00000000a9b00000)
 Metaspace       used 59612K, committed 60928K, reserved 1114112K
  class space    used 6450K, committed 7040K, reserved 1048576K
}
Event: 19.325 GC heap before
{Heap before GC invocations=727 (full 3):
 PSYoungGen      total 7168K, used 6816K [0x00000000d5580000, 0x00000000d5e00000, 0x0000000100000000)
  eden space 5632K, 100% used [0x00000000d5580000,0x00000000d5b00000,0x00000000d5b00000)
  from space 1536K, 77% used [0x00000000d5b00000,0x00000000d5c28000,0x00000000d5c80000)
  to   space 1536K, 0% used [0x00000000d5c80000,0x00000000d5c80000,0x00000000d5e00000)
 ParOldGen       total 683008K, used 682799K [0x0000000080000000, 0x00000000a9b00000, 0x00000000d5580000)
  object space 683008K, 99% used [0x0000000080000000,0x00000000a9acbf08,0x00000000a9b00000)
 Metaspace       used 59612K, committed 60928K, reserved 1114112K
  class space    used 6450K, committed 7040K, reserved 1048576K
}
Event: 19.328 GC heap after
{Heap after GC invocations=727 (full 3):
 PSYoungGen      total 7168K, used 1152K [0x00000000d5580000, 0x00000000d5e00000, 0x0000000100000000)
  eden space 5632K, 0% used [0x00000000d5580000,0x00000000d5580000,0x00000000d5b00000)
  from space 1536K, 75% used [0x00000000d5c80000,0x00000000d5da0000,0x00000000d5e00000)
  to   space 1536K, 0% used [0x00000000d5b00000,0x00000000d5b00000,0x00000000d5c80000)
 ParOldGen       total 684032K, used 683807K [0x0000000080000000, 0x00000000a9c00000, 0x00000000d5580000)
  object space 684032K, 99% used [0x0000000080000000,0x00000000a9bc7f08,0x00000000a9c00000)
 Metaspace       used 59612K, committed 60928K, reserved 1114112K
  class space    used 6450K, committed 7040K, reserved 1048576K
}
Event: 19.342 GC heap before
{Heap before GC invocations=728 (full 3):
 PSYoungGen      total 7168K, used 6784K [0x00000000d5580000, 0x00000000d5e00000, 0x0000000100000000)
  eden space 5632K, 100% used [0x00000000d5580000,0x00000000d5b00000,0x00000000d5b00000)
  from space 1536K, 75% used [0x00000000d5c80000,0x00000000d5da0000,0x00000000d5e00000)
  to   space 1536K, 0% used [0x00000000d5b00000,0x00000000d5b00000,0x00000000d5c80000)
 ParOldGen       total 684032K, used 683807K [0x0000000080000000, 0x00000000a9c00000, 0x00000000d5580000)
  object space 684032K, 99% used [0x0000000080000000,0x00000000a9bc7f08,0x00000000a9c00000)
 Metaspace       used 59612K, committed 60928K, reserved 1114112K
  class space    used 6450K, committed 7040K, reserved 1048576K
}
Event: 19.345 GC heap after
{Heap after GC invocations=728 (full 3):
 PSYoungGen      total 7168K, used 1120K [0x00000000d5580000, 0x00000000d5e00000, 0x0000000100000000)
  eden space 5632K, 0% used [0x00000000d5580000,0x00000000d5580000,0x00000000d5b00000)
  from space 1536K, 72% used [0x00000000d5b00000,0x00000000d5c18000,0x00000000d5c80000)
  to   space 1536K, 0% used [0x00000000d5c80000,0x00000000d5c80000,0x00000000d5e00000)
 ParOldGen       total 685056K, used 684783K [0x0000000080000000, 0x00000000a9d00000, 0x00000000d5580000)
  object space 685056K, 99% used [0x0000000080000000,0x00000000a9cbbf08,0x00000000a9d00000)
 Metaspace       used 59612K, committed 60928K, reserved 1114112K
  class space    used 6450K, committed 7040K, reserved 1048576K
}
Event: 19.367 GC heap before
{Heap before GC invocations=729 (full 3):
 PSYoungGen      total 7168K, used 6752K [0x00000000d5580000, 0x00000000d5e00000, 0x0000000100000000)
  eden space 5632K, 100% used [0x00000000d5580000,0x00000000d5b00000,0x00000000d5b00000)
  from space 1536K, 72% used [0x00000000d5b00000,0x00000000d5c18000,0x00000000d5c80000)
  to   space 1536K, 0% used [0x00000000d5c80000,0x00000000d5c80000,0x00000000d5e00000)
 ParOldGen       total 685056K, used 684783K [0x0000000080000000, 0x00000000a9d00000, 0x00000000d5580000)
  object space 685056K, 99% used [0x0000000080000000,0x00000000a9cbbf08,0x00000000a9d00000)
 Metaspace       used 59612K, committed 60928K, reserved 1114112K
  class space    used 6450K, committed 7040K, reserved 1048576K
}
Event: 19.371 GC heap after
{Heap after GC invocations=729 (full 3):
 PSYoungGen      total 7168K, used 1120K [0x00000000d5580000, 0x00000000d5e00000, 0x0000000100000000)
  eden space 5632K, 0% used [0x00000000d5580000,0x00000000d5580000,0x00000000d5b00000)
  from space 1536K, 72% used [0x00000000d5c80000,0x00000000d5d98000,0x00000000d5e00000)
  to   space 1536K, 0% used [0x00000000d5b00000,0x00000000d5b00000,0x00000000d5c80000)
 ParOldGen       total 686080K, used 685759K [0x0000000080000000, 0x00000000a9e00000, 0x00000000d5580000)
  object space 686080K, 99% used [0x0000000080000000,0x00000000a9daff08,0x00000000a9e00000)
 Metaspace       used 59612K, committed 60928K, reserved 1114112K
  class space    used 6450K, committed 7040K, reserved 1048576K
}
Event: 19.396 GC heap before
{Heap before GC invocations=730 (full 3):
 PSYoungGen      total 7168K, used 6752K [0x00000000d5580000, 0x00000000d5e00000, 0x0000000100000000)
  eden space 5632K, 100% used [0x00000000d5580000,0x00000000d5b00000,0x00000000d5b00000)
  from space 1536K, 72% used [0x00000000d5c80000,0x00000000d5d98000,0x00000000d5e00000)
  to   space 1536K, 0% used [0x00000000d5b00000,0x00000000d5b00000,0x00000000d5c80000)
 ParOldGen       total 686080K, used 685759K [0x0000000080000000, 0x00000000a9e00000, 0x00000000d5580000)
  object space 686080K, 99% used [0x0000000080000000,0x00000000a9daff08,0x00000000a9e00000)
 Metaspace       used 59612K, committed 60928K, reserved 1114112K
  class space    used 6450K, committed 7040K, reserved 1048576K
}
Event: 19.400 GC heap after
{Heap after GC invocations=730 (full 3):
 PSYoungGen      total 7168K, used 1184K [0x00000000d5580000, 0x00000000d5e00000, 0x0000000100000000)
  eden space 5632K, 0% used [0x00000000d5580000,0x00000000d5580000,0x00000000d5b00000)
  from space 1536K, 77% used [0x00000000d5b00000,0x00000000d5c28000,0x00000000d5c80000)
  to   space 1536K, 0% used [0x00000000d5c80000,0x00000000d5c80000,0x00000000d5e00000)
 ParOldGen       total 687104K, used 686735K [0x0000000080000000, 0x00000000a9f00000, 0x00000000d5580000)
  object space 687104K, 99% used [0x0000000080000000,0x00000000a9ea3f08,0x00000000a9f00000)
 Metaspace       used 59612K, committed 60928K, reserved 1114112K
  class space    used 6450K, committed 7040K, reserved 1048576K
}

